       sample     sex stage
0   SRR072893    male    10
1   SRR072894    male    11
2   SRR072895    male    12
3   SRR072896    male    13
4   SRR072897    male   14A
5   SRR072899    male   14B
6   SRR072901    male   14C
7   SRR072903    male   14D
8   SRR072905  female    10
9   SRR072906  female    11
10  SRR072907  female    12
11  SRR072908  female    13
12  SRR072909  female   14A
13  SRR072911  female   14B
14  SRR072913  female   14C
15  SRR072915  female   14D
        t_id chr strand    start      end       t_name  num_exons  length  \
23430  23431   X      -  7084164  7092883  FBtr0331261          6    1515   

           gene_id gene_name  cov  FPKM  
23430  FBgn0264270       Sxl    0     0  
        t_id chr strand    start      end       t_name  num_exons  length  \
23430  23431   X      -  7084164  7092883  FBtr0331261          6    1515   

           gene_id gene_name  cov  FPKM  
23430  FBgn0264270       Sxl    0     0  
        t_id chr strand    start      end       t_name  num_exons  length  \
23430  23431   X      -  7084164  7092883  FBtr0331261          6    1515   

           gene_id gene_name  cov  FPKM  
23430  FBgn0264270       Sxl    0     0  
        t_id chr strand    start      end       t_name  num_exons  length  \
23430  23431   X      -  7084164  7092883  FBtr0331261          6    1515   

           gene_id gene_name  cov  FPKM  
23430  FBgn0264270       Sxl    0     0  
        t_id chr strand    start      end       t_name  num_exons  length  \
23430  23431   X      -  7084164  7092883  FBtr0331261          6    1515   

           gene_id gene_name  cov  FPKM  
23430  FBgn0264270       Sxl    0     0  
        t_id chr strand    start      end       t_name  num_exons  length  \
23430  23431   X      -  7084164  7092883  FBtr0331261          6    1515   

           gene_id gene_name  cov  FPKM  
23430  FBgn0264270       Sxl    0     0  
        t_id chr strand    start      end       t_name  num_exons  length  \
23430  23431   X      -  7084164  7092883  FBtr0331261          6    1515   

           gene_id gene_name  cov  FPKM  
23430  FBgn0264270       Sxl    0     0  
        t_id chr strand    start      end       t_name  num_exons  length  \
23430  23431   X      -  7084164  7092883  FBtr0331261          6    1515   

           gene_id gene_name       cov      FPKM  
23430  FBgn0264270       Sxl  1.501571  2.117317  
        t_id chr strand    start      end       t_name  num_exons  length  \
23430  23431   X      -  7084164  7092883  FBtr0331261          6    1515   

           gene_id gene_name  cov  FPKM  
23430  FBgn0264270       Sxl    0     0  
        t_id chr strand    start      end       t_name  num_exons  length  \
23430  23431   X      -  7084164  7092883  FBtr0331261          6    1515   

           gene_id gene_name  cov  FPKM  
23430  FBgn0264270       Sxl    0     0  
        t_id chr strand    start      end       t_name  num_exons  length  \
23430  23431   X      -  7084164  7092883  FBtr0331261          6    1515   

           gene_id gene_name  cov  FPKM  
23430  FBgn0264270       Sxl    0     0  
        t_id chr strand    start      end       t_name  num_exons  length  \
23430  23431   X      -  7084164  7092883  FBtr0331261          6    1515   

           gene_id gene_name  cov  FPKM  
23430  FBgn0264270       Sxl    0     0  
        t_id chr strand    start      end       t_name  num_exons  length  \
23430  23431   X      -  7084164  7092883  FBtr0331261          6    1515   

           gene_id gene_name        cov       FPKM  
23430  FBgn0264270       Sxl  31.827429  46.033894  
        t_id chr strand    start      end       t_name  num_exons  length  \
23430  23431   X      -  7084164  7092883  FBtr0331261          6    1515   

           gene_id gene_name        cov       FPKM  
23430  FBgn0264270       Sxl  19.538105  30.605591  
        t_id chr strand    start      end       t_name  num_exons  length  \
23430  23431   X      -  7084164  7092883  FBtr0331261          6    1515   

           gene_id gene_name        cov       FPKM  
23430  FBgn0264270       Sxl  28.520666  38.956379  
        t_id chr strand    start      end       t_name  num_exons  length  \
23430  23431   X      -  7084164  7092883  FBtr0331261          6    1515   

           gene_id gene_name        cov        FPKM  
23430  FBgn0264270       Sxl  101.80423  124.908493  
